<?xml version="1.0" encoding="UTF-8"?>
<!-- Generated by org.testng.reporters.JUnitXMLReporter -->
<testsuite ignored="0" hostname="DESKTOP-909HK27" failures="0" tests="3" name="Test2" time="0.082" errors="0" timestamp="2024-12-05T00:47:40 IST">
  <testcase classname="annotationBeforeAfterTest.C2" name="xyz" time="0.009"/>
  <testcase classname="annotationBeforeAfterTest.C1" name="abc" time="0.002"/>
  <testcase classname="annotationBeforeAfterTest.C3" name="pqr" time="0.003"/>
</testsuite> <!-- Test2 -->
