<?xml version="1.0" encoding="UTF-8"?>
<!-- Generated by org.testng.reporters.JUnitXMLReporter -->
<testsuite ignored="0" hostname="DESKTOP-909HK27" failures="0" tests="4" name="Test" time="18.524" errors="0" timestamp="2024-12-03T22:32:29 IST">
  <testcase classname="testNG.orangeHRMTest" name="openApplication" time="11.97"/>
  <testcase classname="testNG.orangeHRMTest" name="testLogo" time="5.604"/>
  <testcase classname="testNG.orangeHRMTest" name="testLogin" time="0.431"/>
  <testcase classname="testNG.orangeHRMTest" name="close" time="0.381"/>
</testsuite> <!-- Test -->
