<?xml version="1.0" encoding="UTF-8"?>
<!-- Generated by org.testng.reporters.JUnitXMLReporter -->
<testsuite ignored="0" hostname="DESKTOP-909HK27" failures="0" tests="7" name="newTest" time="17.929" errors="0" timestamp="2024-12-03T22:48:00 IST">
  <testcase classname="testNG.orangeHRMTest" name="openApplication" time="11.139"/>
  <testcase classname="testNG.orangeHRMTest" name="testLogo" time="5.781"/>
  <testcase classname="testNG.orangeHRMTest" name="testLogin" time="0.487"/>
  <testcase classname="testNG.orangeHRMTest" name="close" time="0.356"/>
  <testcase classname="testNG.FirstTestCase" name="openApp" time="0.003"/>
  <testcase classname="testNG.FirstTestCase" name="login" time="0.003"/>
  <testcase classname="testNG.FirstTestCase" name="logout" time="0.003"/>
</testsuite> <!-- newTest -->
